[Info  - 2:10:23 PM] Linter is running.
[Warn  - 2:10:24 PM] 
Failed to load the TSLint library for the document /var/www/html/pbkk-gun/index.js

To use TSLint in this workspace please install tslint using 'npm install tslint' or globally using 'npm install -g tslint'.
TSLint has a peer dependency on `typescript`, make sure that `typescript` is installed as well.
You need to reopen the workspace after installing tslint.
[Warn  - 2:10:56 PM] 
Failed to load the TSLint library for the document /var/www/html/pbkk-gun/index.js

To use TSLint in this workspace please install tslint using 'npm install tslint' or globally using 'npm install -g tslint'.
TSLint has a peer dependency on `typescript`, make sure that `typescript` is installed as well.
You need to reopen the workspace after installing tslint.
[Warn  - 2:12:12 PM] 
Failed to load the TSLint library for the document /var/www/html/pbkk-gun/index.js

To use TSLint in this workspace please install tslint using 'npm install tslint' or globally using 'npm install -g tslint'.
TSLint has a peer dependency on `typescript`, make sure that `typescript` is installed as well.
You need to reopen the workspace after installing tslint.
[Warn  - 2:12:12 PM] 
Failed to load the TSLint library for the document /var/www/html/pbkk-gun/index.js

To use TSLint in this workspace please install tslint using 'npm install tslint' or globally using 'npm install -g tslint'.
TSLint has a peer dependency on `typescript`, make sure that `typescript` is installed as well.
You need to reopen the workspace after installing tslint.
[Warn  - 2:12:13 PM] 
Failed to load the TSLint library for the document /var/www/html/pbkk-gun/index.js

To use TSLint in this workspace please install tslint using 'npm install tslint' or globally using 'npm install -g tslint'.
TSLint has a peer dependency on `typescript`, make sure that `typescript` is installed as well.
You need to reopen the workspace after installing tslint.
[Warn  - 2:13:40 PM] 
Failed to load the TSLint library for the document /var/www/html/pbkk-gun/index.js

To use TSLint in this workspace please install tslint using 'npm install tslint' or globally using 'npm install -g tslint'.
TSLint has a peer dependency on `typescript`, make sure that `typescript` is installed as well.
You need to reopen the workspace after installing tslint.
[Warn  - 2:14:08 PM] 
Failed to load the TSLint library for the document /var/www/html/pbkk-gun/index.js

To use TSLint in this workspace please install tslint using 'npm install tslint' or globally using 'npm install -g tslint'.
TSLint has a peer dependency on `typescript`, make sure that `typescript` is installed as well.
You need to reopen the workspace after installing tslint.
[Info  - 7:21:34 PM] Linter has stopped.
